# JRE version: OpenJDK Runtime Environment Temurin-17.0.2+8 (17.0.2+8) (build 17.0.2+8)
# Java VM: OpenJDK 64-Bit Server VM Temurin-17.0.2+8 (17.0.2+8, mixed mode, emulated-client, tiered, compressed oops, compressed class ptrs, g1 gc, windows-amd64)
GC Precious Log:
 CPUs: 8 total, 8 available
 Memory: 16264M
 Large Page Support: Disabled
 NUMA Support: Disabled
 Compressed Oops: Enabled (Zero based)
 Heap Region Size: 2M
 Heap Min Capacity: 8M
 Heap Initial Capacity: 256M
 Heap Max Capacity: 4068M
 Pre-touch: Disabled
 Parallel Workers: 8
 Concurrent Workers: 2
 Concurrent Refinement Workers: 8
 Periodic GC: Disabled
Heap:
 garbage-first heap   total 40960K, used 12914K [0x0000000701c00000, 0x0000000800000000)
  region size 2048K, 1 young (2048K), 0 survivors (0K)
 Metaspace       used 32023K, committed 32384K, reserved 1081344K
  class space    used 4159K, committed 4288K, reserved 1048576K
GC Heap History (20 events):
Event: 1037.238 GC heap before
{Heap before GC invocations=102 (full 93):
 garbage-first heap   total 40960K, used 12914K [0x0000000701c00000, 0x0000000800000000)
  region size 2048K, 1 young (2048K), 0 survivors (0K)
 Metaspace       used 32023K, committed 32384K, reserved 1081344K
  class space    used 4159K, committed 4288K, reserved 1048576K
}
Event: 1037.254 GC heap after
{Heap after GC invocations=103 (full 94):
 garbage-first heap   total 40960K, used 12914K [0x0000000701c00000, 0x0000000800000000)
  region size 2048K, 0 young (0K), 0 survivors (0K)
 Metaspace       used 32023K, committed 32384K, reserved 1081344K
  class space    used 4159K, committed 4288K, reserved 1048576K
}
Event: 1047.595 GC heap before
{Heap before GC invocations=103 (full 94):
 garbage-first heap   total 40960K, used 12914K [0x0000000701c00000, 0x0000000800000000)
  region size 2048K, 1 young (2048K), 0 survivors (0K)
 Metaspace       used 32023K, committed 32384K, reserved 1081344K
  class space    used 4159K, committed 4288K, reserved 1048576K
}
Event: 1047.624 GC heap after
{Heap after GC invocations=104 (full 95):
 garbage-first heap   total 40960K, used 12914K [0x0000000701c00000, 0x0000000800000000)
  region size 2048K, 0 young (0K), 0 survivors (0K)
 Metaspace       used 32023K, committed 32384K, reserved 1081344K
  class space    used 4159K, committed 4288K, reserved 1048576K
}
Event: 1057.942 GC heap before
{Heap before GC invocations=104 (full 95):
 garbage-first heap   total 40960K, used 12914K [0x0000000701c00000, 0x0000000800000000)
  region size 2048K, 1 young (2048K), 0 survivors (0K)
 Metaspace       used 32023K, committed 32384K, reserved 1081344K
  class space    used 4159K, committed 4288K, reserved 1048576K
}
Event: 1057.976 GC heap after
{Heap after GC invocations=105 (full 96):
 garbage-first heap   total 40960K, used 12914K [0x0000000701c00000, 0x0000000800000000)
  region size 2048K, 0 young (0K), 0 survivors (0K)
 Metaspace       used 32023K, committed 32384K, reserved 1081344K
  class space    used 4159K, committed 4288K, reserved 1048576K
}
Event: 1068.464 GC heap before
{Heap before GC invocations=105 (full 96):
 garbage-first heap   total 40960K, used 12914K [0x0000000701c00000, 0x0000000800000000)
  region size 2048K, 1 young (2048K), 0 survivors (0K)
 Metaspace       used 32023K, committed 32384K, reserved 1081344K
  class space    used 4159K, committed 4288K, reserved 1048576K
}
Event: 1068.493 GC heap after
{Heap after GC invocations=106 (full 97):
 garbage-first heap   total 40960K, used 12914K [0x0000000701c00000, 0x0000000800000000)
  region size 2048K, 0 young (0K), 0 survivors (0K)
 Metaspace       used 32023K, committed 32384K, reserved 1081344K
  class space    used 4159K, committed 4288K, reserved 1048576K
}
Event: 1078.916 GC heap before
{Heap before GC invocations=106 (full 97):
 garbage-first heap   total 40960K, used 12914K [0x0000000701c00000, 0x0000000800000000)
  region size 2048K, 1 young (2048K), 0 survivors (0K)
 Metaspace       used 32023K, committed 32384K, reserved 1081344K
  class space    used 4159K, committed 4288K, reserved 1048576K
}
Event: 1078.940 GC heap after
{Heap after GC invocations=107 (full 98):
 garbage-first heap   total 40960K, used 12914K [0x0000000701c00000, 0x0000000800000000)
  region size 2048K, 0 young (0K), 0 survivors (0K)
 Metaspace       used 32023K, committed 32384K, reserved 1081344K
  class space    used 4159K, committed 4288K, reserved 1048576K
}
Event: 1089.222 GC heap before
{Heap before GC invocations=107 (full 98):
 garbage-first heap   total 40960K, used 12914K [0x0000000701c00000, 0x0000000800000000)
  region size 2048K, 1 young (2048K), 0 survivors (0K)
 Metaspace       used 32023K, committed 32384K, reserved 1081344K
  class space    used 4159K, committed 4288K, reserved 1048576K
}
Event: 1089.245 GC heap after
{Heap after GC invocations=108 (full 99):
 garbage-first heap   total 40960K, used 12914K [0x0000000701c00000, 0x0000000800000000)
  region size 2048K, 0 young (0K), 0 survivors (0K)
 Metaspace       used 32023K, committed 32384K, reserved 1081344K
  class space    used 4159K, committed 4288K, reserved 1048576K
}
Event: 1099.771 GC heap before
{Heap before GC invocations=108 (full 99):
 garbage-first heap   total 40960K, used 12914K [0x0000000701c00000, 0x0000000800000000)
  region size 2048K, 1 young (2048K), 0 survivors (0K)
 Metaspace       used 32023K, committed 32384K, reserved 1081344K
  class space    used 4159K, committed 4288K, reserved 1048576K
}
Event: 1099.800 GC heap after
{Heap after GC invocations=109 (full 100):
 garbage-first heap   total 40960K, used 12914K [0x0000000701c00000, 0x0000000800000000)
  region size 2048K, 0 young (0K), 0 survivors (0K)
 Metaspace       used 32023K, committed 32384K, reserved 1081344K
  class space    used 4159K, committed 4288K, reserved 1048576K
}
Event: 1110.066 GC heap before
{Heap before GC invocations=109 (full 100):
 garbage-first heap   total 40960K, used 12914K [0x0000000701c00000, 0x0000000800000000)
  region size 2048K, 1 young (2048K), 0 survivors (0K)
 Metaspace       used 32023K, committed 32384K, reserved 1081344K
  class space    used 4159K, committed 4288K, reserved 1048576K
}
Event: 1110.085 GC heap after
{Heap after GC invocations=110 (full 101):
 garbage-first heap   total 40960K, used 12914K [0x0000000701c00000, 0x0000000800000000)
  region size 2048K, 0 young (0K), 0 survivors (0K)
 Metaspace       used 32023K, committed 32384K, reserved 1081344K
  class space    used 4159K, committed 4288K, reserved 1048576K
}
Event: 1120.519 GC heap before
{Heap before GC invocations=110 (full 101):
 garbage-first heap   total 40960K, used 12914K [0x0000000701c00000, 0x0000000800000000)
  region size 2048K, 1 young (2048K), 0 survivors (0K)
 Metaspace       used 32023K, committed 32384K, reserved 1081344K
  class space    used 4159K, committed 4288K, reserved 1048576K
}
Event: 1120.550 GC heap after
{Heap after GC invocations=111 (full 102):
 garbage-first heap   total 40960K, used 12914K [0x0000000701c00000, 0x0000000800000000)
  region size 2048K, 0 young (0K), 0 survivors (0K)
 Metaspace       used 32023K, committed 32384K, reserved 1081344K
  class space    used 4159K, committed 4288K, reserved 1048576K
}
Event: 1130.796 GC heap before
{Heap before GC invocations=111 (full 102):
 garbage-first heap   total 40960K, used 12914K [0x0000000701c00000, 0x0000000800000000)
  region size 2048K, 1 young (2048K), 0 survivors (0K)
 Metaspace       used 32023K, committed 32384K, reserved 1081344K
  class space    used 4159K, committed 4288K, reserved 1048576K
}
Event: 1130.818 GC heap after
{Heap after GC invocations=112 (full 103):
 garbage-first heap   total 40960K, used 12914K [0x0000000701c00000, 0x0000000800000000)
  region size 2048K, 0 young (0K), 0 survivors (0K)
 Metaspace       used 32023K, committed 32384K, reserved 1081344K
  class space    used 4159K, committed 4288K, reserved 1048576K
}

